<?xml version="1.0" encoding="UTF-8"?>
<testsuites name="Google Search" time="60" tests="2" failures="0" errors="0">
   <testsuite name="Google Search" tests="2" failures="0" errors="0" time="60" timestamp="2018-03-21 11:42:30" hostname="Jasica.Nagpal - SYNBLRLT-420.synechron.com" id="Test Suites/Google Search">
      <properties>
         <property name="deviceName" value=""/>
         <property name="devicePlatform" value=""/>
         <property name="logFolder" value="C:\\Users\\Jasica.Nagpal\\git\\KatalonIntegration\\Reports\\Google Search\\20180321_114226"/>
         <property name="logFiles" value="C:\\Users\\Jasica.Nagpal\\git\\KatalonIntegration\\Reports\\Google Search\\20180321_114226\\execution0.log"/>
         <property name="attachments" value=""/>
         <property name="hostName" value="Jasica.Nagpal - SYNBLRLT-420.synechron.com"/>
         <property name="os" value="Windows 10 64bit"/>
         <property name="katalonVersion" value="5.3.0.1"/>
         <property name="browser" value="Chrome 64.0.3282.186"/>
         <property name="hostAddress" value="172.16.5.16"/>
         <property name="sessionId" value="a78ae0ce9b372acc0cb960e12fdaa04a"/>
         <property name="seleniumVersion" value="3.7.1"/>
         <property name="proxyInformation" value="ProxyInformation{proxyOption=NO_PROXY, proxyServerType=HTTP, password=, proxyServerAddress=, proxyServerPort=0}"/>
         <property name="platform" value="Windows 10"/>
      </properties>
      <testcase name="Test Cases/Search Text" classname="Test Cases/Search Text" status="PASSED">
         <system-out><![CDATA[2018-03-21 11:42:31 - [TEST_CASE][PASSED] - Test Cases/Search Text: Test Cases/Search Text

2018-03-21 11:42:32 - [TEST_STEP][PASSED] - openBrowser: Browser is opened with url: ''

2018-03-21 11:42:48 - [MESSAGE][PASSED] - Browser is opened with url: ''

2018-03-21 11:42:48 - [TEST_STEP][PASSED] - navigateToUrl: Navigate to 'http://www.google.com' successfully

2018-03-21 11:43:01 - [MESSAGE][PASSED] - Navigate to 'http://www.google.com' successfully

2018-03-21 11:43:01 - [TEST_STEP][PASSED] - setText: Text 'Jenkins' is set on object 'Object Repository/Page_Google/input_q'

2018-03-21 11:43:02 - [MESSAGE][PASSED] - Text 'Jenkins' is set on object 'Object Repository/Page_Google/input_q'

2018-03-21 11:43:02 - [TEST_STEP][PASSED] - sendKeys: Keys 'ENTER + ' sent to object: 'Object Repository/Page_Google/input_q'

2018-03-21 11:43:03 - [MESSAGE][PASSED] - Keys 'ENTER + ' sent to object: 'Object Repository/Page_Google/input_q'

2018-03-21 11:43:03 - [TEST_STEP][NOT_RUN] - waitForElementClickable: NOT_RUN: waitForElementClickable

2018-03-21 11:43:03 - [MESSAGE][NOT_RUN] - NOT_RUN: waitForElementClickable

2018-03-21 11:43:03 - [TEST_STEP][NOT_RUN] - click: NOT_RUN: click

2018-03-21 11:43:03 - [MESSAGE][NOT_RUN] - NOT_RUN: click

2018-03-21 11:43:03 - [TEST_STEP][PASSED] - click: Object: 'Object Repository/Page_Jenkins - Google Search/a_Jenkins' is clicked on

2018-03-21 11:43:10 - [MESSAGE][PASSED] - Object: 'Object Repository/Page_Jenkins - Google Search/a_Jenkins' is clicked on

2018-03-21 11:43:10 - [TEST_STEP][PASSED] - click: Object: 'Object Repository/Page_Jenkins/a_Documentation' is clicked on

2018-03-21 11:43:12 - [MESSAGE][PASSED] - Object: 'Object Repository/Page_Jenkins/a_Documentation' is clicked on

2018-03-21 11:43:12 - [TEST_STEP][PASSED] - click: Object: 'Object Repository/Page_Jenkins User Documentation/a_Getting started' is clicked on

2018-03-21 11:43:13 - [MESSAGE][PASSED] - Object: 'Object Repository/Page_Jenkins User Documentation/a_Getting started' is clicked on

2018-03-21 11:43:13 - [TEST_STEP][PASSED] - closeBrowser: Browser is closed

2018-03-21 11:43:14 - [MESSAGE][PASSED] - Browser is closed]]></system-out>
         <system-err><![CDATA[]]></system-err>
      </testcase>
      <testcase name="Test Cases/Search Images" classname="Test Cases/Search Images" status="PASSED">
         <system-out><![CDATA[2018-03-21 11:43:14 - [TEST_CASE][PASSED] - Test Cases/Search Images: Test Cases/Search Images

2018-03-21 11:43:14 - [TEST_STEP][PASSED] - openBrowser: Browser is opened with url: ''

2018-03-21 11:43:17 - [MESSAGE][PASSED] - Browser is opened with url: ''

2018-03-21 11:43:17 - [TEST_STEP][PASSED] - navigateToUrl: Navigate to 'http://www.google.com' successfully

2018-03-21 11:43:23 - [MESSAGE][PASSED] - Navigate to 'http://www.google.com' successfully

2018-03-21 11:43:23 - [TEST_STEP][PASSED] - setText: Text 'Agile' is set on object 'Object Repository/Page_Google/input_q'

2018-03-21 11:43:23 - [MESSAGE][PASSED] - Text 'Agile' is set on object 'Object Repository/Page_Google/input_q'

2018-03-21 11:43:23 - [TEST_STEP][PASSED] - sendKeys: Keys 'ENTER + ' sent to object: 'Object Repository/Page_Google/input_q'

2018-03-21 11:43:25 - [MESSAGE][PASSED] - Keys 'ENTER + ' sent to object: 'Object Repository/Page_Google/input_q'

2018-03-21 11:43:25 - [TEST_STEP][NOT_RUN] - click: NOT_RUN: click

2018-03-21 11:43:25 - [MESSAGE][NOT_RUN] - NOT_RUN: click

2018-03-21 11:43:25 - [TEST_STEP][PASSED] - click: Object: 'Object Repository/Page_Google Search/a_Images' is clicked on

2018-03-21 11:43:29 - [MESSAGE][PASSED] - Object: 'Object Repository/Page_Google Search/a_Images' is clicked on

2018-03-21 11:43:29 - [TEST_STEP][PASSED] - closeBrowser: Browser is closed

2018-03-21 11:43:30 - [MESSAGE][PASSED] - Browser is closed]]></system-out>
         <system-err><![CDATA[]]></system-err>
      </testcase>
      <system-out><![CDATA[2018-03-21 11:42:30 - [TEST_SUITE][PASSED] - Google Search: Test Cases/Search Images]]></system-out>
      <system-err><![CDATA[]]></system-err>
   </testsuite>
</testsuites>
