<?xml version="1.0" encoding="UTF-8"?>
<testsuites name="Google Search" time="37" tests="2" failures="0" errors="0">
   <testsuite name="Google Search" tests="2" failures="0" errors="0" time="37" timestamp="2018-03-21 12:25:39" hostname="SYNBLRLT-420$ - SYNBLRLT-420.synechron.com" id="Test Suites/Google Search">
      <properties>
         <property name="deviceName" value=""/>
         <property name="devicePlatform" value=""/>
         <property name="logFolder" value="C:\\Users\\Jasica.Nagpal\\git\\KatalonIntegration\\Reports\\Google Search\\20180321_122535"/>
         <property name="logFiles" value="C:\\Users\\Jasica.Nagpal\\git\\KatalonIntegration\\Reports\\Google Search\\20180321_122535\\execution0.log"/>
         <property name="attachments" value=""/>
         <property name="hostName" value="SYNBLRLT-420$ - SYNBLRLT-420.synechron.com"/>
         <property name="os" value="Windows 10 64bit"/>
         <property name="katalonVersion" value="5.3.0.1"/>
         <property name="browser" value="Chrome 64.0.3282.186"/>
         <property name="hostAddress" value="172.16.5.16"/>
         <property name="sessionId" value="12c86e00e69b9b150706bbde9e62c4da"/>
         <property name="seleniumVersion" value="3.7.1"/>
         <property name="proxyInformation" value="ProxyInformation{proxyOption=NO_PROXY, proxyServerType=HTTP, password=, proxyServerAddress=, proxyServerPort=0}"/>
         <property name="platform" value="Windows 10"/>
      </properties>
      <testcase name="Test Cases/Search Text" classname="Test Cases/Search Text" status="PASSED">
         <system-out><![CDATA[2018-03-21 12:25:39 - [TEST_CASE][PASSED] - Test Cases/Search Text: Test Cases/Search Text

2018-03-21 12:25:40 - [TEST_STEP][PASSED] - openBrowser: Browser is opened with url: ''

2018-03-21 12:25:44 - [MESSAGE][PASSED] - Browser is opened with url: ''

2018-03-21 12:25:44 - [TEST_STEP][PASSED] - navigateToUrl: Navigate to 'http://www.google.com' successfully

2018-03-21 12:25:51 - [MESSAGE][PASSED] - Navigate to 'http://www.google.com' successfully

2018-03-21 12:25:51 - [TEST_STEP][PASSED] - setText: Text 'Jenkins' is set on object 'Object Repository/Page_Google/input_q'

2018-03-21 12:25:51 - [MESSAGE][PASSED] - Text 'Jenkins' is set on object 'Object Repository/Page_Google/input_q'

2018-03-21 12:25:51 - [TEST_STEP][PASSED] - sendKeys: Keys 'ENTER + ' sent to object: 'Object Repository/Page_Google/input_q'

2018-03-21 12:25:52 - [MESSAGE][PASSED] - Keys 'ENTER + ' sent to object: 'Object Repository/Page_Google/input_q'

2018-03-21 12:25:52 - [TEST_STEP][NOT_RUN] - waitForElementClickable: NOT_RUN: waitForElementClickable

2018-03-21 12:25:52 - [MESSAGE][NOT_RUN] - NOT_RUN: waitForElementClickable

2018-03-21 12:25:52 - [TEST_STEP][NOT_RUN] - click: NOT_RUN: click

2018-03-21 12:25:52 - [MESSAGE][NOT_RUN] - NOT_RUN: click

2018-03-21 12:25:52 - [TEST_STEP][PASSED] - click: Object: 'Object Repository/Page_Jenkins - Google Search/a_Jenkins' is clicked on

2018-03-21 12:25:58 - [MESSAGE][PASSED] - Object: 'Object Repository/Page_Jenkins - Google Search/a_Jenkins' is clicked on

2018-03-21 12:25:58 - [TEST_STEP][PASSED] - click: Object: 'Object Repository/Page_Jenkins/a_Documentation' is clicked on

2018-03-21 12:26:00 - [MESSAGE][PASSED] - Object: 'Object Repository/Page_Jenkins/a_Documentation' is clicked on

2018-03-21 12:26:00 - [TEST_STEP][PASSED] - click: Object: 'Object Repository/Page_Jenkins User Documentation/a_Getting started' is clicked on

2018-03-21 12:26:02 - [MESSAGE][PASSED] - Object: 'Object Repository/Page_Jenkins User Documentation/a_Getting started' is clicked on

2018-03-21 12:26:02 - [TEST_STEP][PASSED] - closeBrowser: Browser is closed

2018-03-21 12:26:02 - [MESSAGE][PASSED] - Browser is closed]]></system-out>
         <system-err><![CDATA[]]></system-err>
      </testcase>
      <testcase name="Test Cases/Search Images" classname="Test Cases/Search Images" status="PASSED">
         <system-out><![CDATA[2018-03-21 12:26:02 - [TEST_CASE][PASSED] - Test Cases/Search Images: Test Cases/Search Images

2018-03-21 12:26:02 - [TEST_STEP][PASSED] - openBrowser: Browser is opened with url: ''

2018-03-21 12:26:05 - [MESSAGE][PASSED] - Browser is opened with url: ''

2018-03-21 12:26:05 - [TEST_STEP][PASSED] - navigateToUrl: Navigate to 'http://www.google.com' successfully

2018-03-21 12:26:11 - [MESSAGE][PASSED] - Navigate to 'http://www.google.com' successfully

2018-03-21 12:26:11 - [TEST_STEP][PASSED] - setText: Text 'Agile' is set on object 'Object Repository/Page_Google/input_q'

2018-03-21 12:26:11 - [MESSAGE][PASSED] - Text 'Agile' is set on object 'Object Repository/Page_Google/input_q'

2018-03-21 12:26:11 - [TEST_STEP][PASSED] - sendKeys: Keys 'ENTER + ' sent to object: 'Object Repository/Page_Google/input_q'

2018-03-21 12:26:12 - [MESSAGE][PASSED] - Keys 'ENTER + ' sent to object: 'Object Repository/Page_Google/input_q'

2018-03-21 12:26:12 - [TEST_STEP][NOT_RUN] - click: NOT_RUN: click

2018-03-21 12:26:12 - [MESSAGE][NOT_RUN] - NOT_RUN: click

2018-03-21 12:26:12 - [TEST_STEP][PASSED] - click: Object: 'Object Repository/Page_Google Search/a_Images' is clicked on

2018-03-21 12:26:16 - [MESSAGE][PASSED] - Object: 'Object Repository/Page_Google Search/a_Images' is clicked on

2018-03-21 12:26:16 - [TEST_STEP][PASSED] - closeBrowser: Browser is closed

2018-03-21 12:26:16 - [MESSAGE][PASSED] - Browser is closed]]></system-out>
         <system-err><![CDATA[]]></system-err>
      </testcase>
      <system-out><![CDATA[2018-03-21 12:25:39 - [TEST_SUITE][PASSED] - Google Search: Test Cases/Search Images]]></system-out>
      <system-err><![CDATA[]]></system-err>
   </testsuite>
</testsuites>
